<?xml version="1.0" encoding="UTF-8"?>
<!-- Generated by org.testng.reporters.JUnitXMLReporter -->
<testsuite hostname="HP" name="Default test" tests="2" failures="0" timestamp="7 Jul 2019 18:43:19 GMT" time="0.099" errors="0">
  <testcase name="executeLoginwithValidds" time="0.0" classname="mt.mstr.modules.Login">
    <skipped/>
  </testcase> <!-- executeLoginwithValidds -->
  <testcase name="executeLaunch" time="0.0" classname="mt.mstr.modules.Launch">
    <skipped/>
  </testcase> <!-- executeLaunch -->
</testsuite> <!-- Default test -->
